Iniciando a migração...
2025-04-06T00:54:46.400-03:00  INFO 23972 --- [Board-de-Tarefas-com-Java] [  restartedMain] liquibase.command                        : Logging exception.
ERROR: Exception Details
ERROR: Exception Primary Class:  SetupException
ERROR: Exception Primary Reason:  No path attribute for includeAll
ERROR: Exception Primary Source:  4.29.2
2025-04-06T00:54:46.402-03:00  INFO 23972 --- [Board-de-Tarefas-com-Java] [  restartedMain] liquibase.command                        : Command execution complete
Erro ao executar a migração liquibase.exception.ChangeLogParseException: Error parsing /db/changelog/db.changelog-master.yml : No path attribute for includeAll
liquibase.exception.CommandExecutionException: liquibase.exception.ChangeLogParseException: Error parsing /db/changelog/db.changelog-master.yml : No path attribute for includeAll
	at liquibase.command.CommandScope.execute(CommandScope.java:258)
	at liquibase.Liquibase.lambda$update$0(Liquibase.java:216)
	at liquibase.Scope.lambda$child$0(Scope.java:191)
	at liquibase.Scope.child(Scope.java:200)
	at liquibase.Scope.child(Scope.java:190)
	at liquibase.Scope.child(Scope.java:169)
	at liquibase.Liquibase.runInScope(Liquibase.java:1329)
	at liquibase.Liquibase.update(Liquibase.java:205)
	at liquibase.Liquibase.update(Liquibase.java:188)
	at liquibase.Liquibase.update(Liquibase.java:175)
	at liquibase.Liquibase.update(Liquibase.java:155)
	at com.boardtarefas.BoardTarefas.persistence.migration.MigrationStrategy.executeMigration(MigrationStrategy.java:39)
	at com.boardtarefas.BoardTarefas.BoardDeTarefasComJavaApplication.main(BoardDeTarefasComJavaApplication.java:20)
	at java.base/jdk.internal.reflect.NativeMethodAccessorImpl.invoke0(Native Method)
	at java.base/jdk.internal.reflect.NativeMethodAccessorImpl.invoke(NativeMethodAccessorImpl.java:77)
	at java.base/jdk.internal.reflect.DelegatingMethodAccessorImpl.invoke(DelegatingMethodAccessorImpl.java:43)
	at java.base/java.lang.reflect.Method.invoke(Method.java:569)
	at org.springframework.boot.devtools.restart.RestartLauncher.run(RestartLauncher.java:50)
Caused by: liquibase.exception.ChangeLogParseException: Error parsing /db/changelog/db.changelog-master.yml : No path attribute for includeAll
	at liquibase.parser.core.yaml.YamlChangeLogParser.parse(YamlChangeLogParser.java:98)
	at liquibase.command.core.helpers.DatabaseChangelogCommandStep.lambda$getDatabaseChangeLog$0(DatabaseChangelogCommandStep.java:129)
	at liquibase.Scope.child(Scope.java:200)
	at liquibase.Scope.child(Scope.java:176)
	at liquibase.command.core.helpers.DatabaseChangelogCommandStep.getDatabaseChangeLog(DatabaseChangelogCommandStep.java:128)
	at liquibase.command.core.helpers.DatabaseChangelogCommandStep.run(DatabaseChangelogCommandStep.java:87)
	at liquibase.command.CommandScope.execute(CommandScope.java:220)
	... 17 more
Caused by: liquibase.exception.SetupException: No path attribute for includeAll
	at liquibase.changelog.DatabaseChangeLog.includeAll(DatabaseChangeLog.java:794)
	at liquibase.changelog.DatabaseChangeLog.handleChildNodeHelper(DatabaseChangeLog.java:545)
	at liquibase.changelog.DatabaseChangeLog.handleChildNode(DatabaseChangeLog.java:466)
	at liquibase.changelog.DatabaseChangeLog.load(DatabaseChangeLog.java:433)
	at liquibase.parser.core.yaml.YamlChangeLogParser.parse(YamlChangeLogParser.java:92)
	... 23 more
